# Logfile created on 2014-01-05 22:03:48 +0900 by logger.rb/36483
I, [2014-01-05T22:03:48.909471 #59595]  INFO -- : 0:  i18n (0.6.9) from /Users/shgtkshruch/middleman/vendor/bundle/ruby/2.0.0/specifications/i18n-0.6.9.gemspec
I, [2014-01-05T22:03:50.007375 #59595]  INFO -- : 0:  multi_json (1.8.2) from /Users/shgtkshruch/middleman/vendor/bundle/ruby/2.0.0/specifications/multi_json-1.8.2.gemspec
I, [2014-01-05T22:03:51.155184 #59595]  INFO -- : 0:  activesupport (3.2.16) from /Users/shgtkshruch/middleman/vendor/bundle/ruby/2.0.0/specifications/activesupport-3.2.16.gemspec
I, [2014-01-05T22:03:51.155762 #59595]  INFO -- : 0:  bundler (1.5.1) from /Library/Ruby/Gems/2.0.0/gems/bundler-1.5.1/lib/bundler/source
I, [2014-01-05T22:03:52.607329 #59595]  INFO -- : 0:  chunky_png (1.2.9) from /Users/shgtkshruch/middleman/vendor/bundle/ruby/2.0.0/specifications/chunky_png-1.2.9.gemspec
I, [2014-01-05T22:03:53.649471 #59595]  INFO -- : 0:  coffee-script-source (1.6.3) from /Users/shgtkshruch/middleman/vendor/bundle/ruby/2.0.0/specifications/coffee-script-source-1.6.3.gemspec
I, [2014-01-05T22:03:54.065165 #59595]  INFO -- : 0:  execjs (1.4.0) from /Users/shgtkshruch/middleman/vendor/bundle/ruby/2.0.0/specifications/execjs-1.4.0.gemspec
I, [2014-01-05T22:03:54.419054 #59595]  INFO -- : 0:  coffee-script (2.2.0) from /Users/shgtkshruch/middleman/vendor/bundle/ruby/2.0.0/specifications/coffee-script-2.2.0.gemspec
I, [2014-01-05T22:03:54.867803 #59595]  INFO -- : 0:  fssm (0.2.10) from /Users/shgtkshruch/middleman/vendor/bundle/ruby/2.0.0/specifications/fssm-0.2.10.gemspec
I, [2014-01-05T22:03:55.667211 #59595]  INFO -- : 0:  sass (3.2.13) from /Users/shgtkshruch/middleman/vendor/bundle/ruby/2.0.0/specifications/sass-3.2.13.gemspec
I, [2014-01-05T22:03:58.463056 #59595]  INFO -- : 0:  compass (0.12.2) from /Users/shgtkshruch/middleman/vendor/bundle/ruby/2.0.0/specifications/compass-0.12.2.gemspec
I, [2014-01-05T22:04:15.590920 #59595]  INFO -- : 0:  eventmachine (1.0.3) from /Users/shgtkshruch/middleman/vendor/bundle/ruby/2.0.0/specifications/eventmachine-1.0.3.gemspec
I, [2014-01-05T22:04:17.396704 #59595]  INFO -- : 0:  http_parser.rb (0.5.3) from /Users/shgtkshruch/middleman/vendor/bundle/ruby/2.0.0/specifications/http_parser.rb-0.5.3.gemspec
I, [2014-01-05T22:04:18.160766 #59595]  INFO -- : 0:  em-websocket (0.5.0) from /Users/shgtkshruch/middleman/vendor/bundle/ruby/2.0.0/specifications/em-websocket-0.5.0.gemspec
I, [2014-01-05T22:04:25.504416 #59595]  INFO -- : 0:  ffi (1.9.3) from /Users/shgtkshruch/middleman/vendor/bundle/ruby/2.0.0/specifications/ffi-1.9.3.gemspec
I, [2014-01-05T22:04:26.986245 #59595]  INFO -- : 0:  tilt (1.4.1) from /Users/shgtkshruch/middleman/vendor/bundle/ruby/2.0.0/specifications/tilt-1.4.1.gemspec
I, [2014-01-05T22:04:27.825845 #59595]  INFO -- : 0:  haml (4.0.4) from /Users/shgtkshruch/middleman/vendor/bundle/ruby/2.0.0/specifications/haml-4.0.4.gemspec
I, [2014-01-05T22:04:28.549029 #59595]  INFO -- : 0:  hike (1.2.3) from /Users/shgtkshruch/middleman/vendor/bundle/ruby/2.0.0/specifications/hike-1.2.3.gemspec
I, [2014-01-05T22:04:30.983285 #59595]  INFO -- : 0:  kramdown (1.3.1) from /Users/shgtkshruch/middleman/vendor/bundle/ruby/2.0.0/specifications/kramdown-1.3.1.gemspec
I, [2014-01-05T22:04:31.499885 #59595]  INFO -- : 0:  rb-fsevent (0.9.4) from /Users/shgtkshruch/middleman/vendor/bundle/ruby/2.0.0/specifications/rb-fsevent-0.9.4.gemspec
I, [2014-01-05T22:04:31.940455 #59595]  INFO -- : 0:  rb-inotify (0.9.3) from /Users/shgtkshruch/middleman/vendor/bundle/ruby/2.0.0/specifications/rb-inotify-0.9.3.gemspec
I, [2014-01-05T22:04:32.326903 #59595]  INFO -- : 0:  rb-kqueue (0.2.0) from /Users/shgtkshruch/middleman/vendor/bundle/ruby/2.0.0/specifications/rb-kqueue-0.2.0.gemspec
I, [2014-01-05T22:04:32.721687 #59595]  INFO -- : 0:  listen (1.3.1) from /Users/shgtkshruch/middleman/vendor/bundle/ruby/2.0.0/specifications/listen-1.3.1.gemspec
I, [2014-01-05T22:04:33.360416 #59595]  INFO -- : 0:  rack (1.5.2) from /Users/shgtkshruch/middleman/vendor/bundle/ruby/2.0.0/specifications/rack-1.5.2.gemspec
I, [2014-01-05T22:04:33.785158 #59595]  INFO -- : 0:  rack-test (0.6.2) from /Users/shgtkshruch/middleman/vendor/bundle/ruby/2.0.0/specifications/rack-test-0.6.2.gemspec
I, [2014-01-05T22:04:34.289468 #59595]  INFO -- : 0:  thor (0.18.1) from /Users/shgtkshruch/middleman/vendor/bundle/ruby/2.0.0/specifications/thor-0.18.1.gemspec
I, [2014-01-05T22:04:36.669082 #59595]  INFO -- : 0:  middleman-core (3.2.1) from /Users/shgtkshruch/middleman/vendor/bundle/ruby/2.0.0/specifications/middleman-core-3.2.1.gemspec
I, [2014-01-05T22:04:37.169662 #59595]  INFO -- : 0:  sprockets (2.10.1) from /Users/shgtkshruch/middleman/vendor/bundle/ruby/2.0.0/specifications/sprockets-2.10.1.gemspec
I, [2014-01-05T22:04:37.591268 #59595]  INFO -- : 0:  sprockets-helpers (1.0.1) from /Users/shgtkshruch/middleman/vendor/bundle/ruby/2.0.0/specifications/sprockets-helpers-1.0.1.gemspec
I, [2014-01-05T22:04:38.005617 #59595]  INFO -- : 0:  sprockets-sass (1.0.2) from /Users/shgtkshruch/middleman/vendor/bundle/ruby/2.0.0/specifications/sprockets-sass-1.0.2.gemspec
I, [2014-01-05T22:04:38.780604 #59595]  INFO -- : 0:  middleman-sprockets (3.2.0) from /Users/shgtkshruch/middleman/vendor/bundle/ruby/2.0.0/specifications/middleman-sprockets-3.2.0.gemspec
I, [2014-01-05T22:04:39.297174 #59595]  INFO -- : 0:  uglifier (2.1.2) from /Users/shgtkshruch/middleman/vendor/bundle/ruby/2.0.0/specifications/uglifier-2.1.2.gemspec
I, [2014-01-05T22:04:39.674752 #59595]  INFO -- : 0:  middleman (3.2.1) from /Users/shgtkshruch/middleman/vendor/bundle/ruby/2.0.0/specifications/middleman-3.2.1.gemspec
I, [2014-01-05T22:04:40.339575 #59595]  INFO -- : 0:  rack-livereload (0.3.15) from /Users/shgtkshruch/middleman/vendor/bundle/ruby/2.0.0/specifications/rack-livereload-0.3.15.gemspec
I, [2014-01-05T22:04:40.760693 #59595]  INFO -- : 0:  middleman-livereload (3.1.0) from /Users/shgtkshruch/middleman/vendor/bundle/ruby/2.0.0/specifications/middleman-livereload-3.1.0.gemspec
I, [2014-01-05T22:04:41.245369 #59595]  INFO -- : 0:  temple (0.6.7) from /Users/shgtkshruch/middleman/vendor/bundle/ruby/2.0.0/specifications/temple-0.6.7.gemspec
I, [2014-01-05T22:04:41.860857 #59595]  INFO -- : 0:  slim (2.0.2) from /Users/shgtkshruch/middleman/vendor/bundle/ruby/2.0.0/specifications/slim-2.0.2.gemspec
